[2025-04-20 09:29:44,458: INFO: main: wlcm to custm log]
[2025-04-20 09:44:09,100: INFO: main: wlcm to custm log]
[2025-04-20 09:46:46,950: INFO: main: wlcm to custm log]
[2025-04-20 09:53:58,110: INFO: main: wlcm to custm log]
[2025-04-20 10:14:53,056: INFO: main: wlcm to custm log]
[2025-04-20 10:16:14,258: INFO: main: wlcm to custm log]
[2025-04-20 10:16:23,272: INFO: main: wlcm to custm log]
[2025-04-24 23:43:46,133: INFO: common: yaml file: config\config.yaml loaded successfully]
[2025-04-24 23:46:48,716: INFO: common: yaml file: config\config.yaml loaded successfully]
[2025-04-24 23:46:48,724: INFO: common: yaml file: params.yaml loaded successfully]
[2025-04-24 23:46:48,726: INFO: common: created directory at: artifacts]
[2025-04-24 23:46:48,729: INFO: common: created directory at: artifacts/data_ingestion]
[2025-04-24 23:47:00,798: INFO: common: yaml file: config\config.yaml loaded successfully]
[2025-04-24 23:47:00,800: INFO: common: yaml file: params.yaml loaded successfully]
[2025-04-24 23:47:00,802: INFO: common: created directory at: artifacts]
[2025-04-24 23:47:00,803: INFO: common: created directory at: artifacts/data_ingestion]
[2025-04-24 23:47:06,652: INFO: common: yaml file: config\config.yaml loaded successfully]
[2025-04-24 23:47:06,654: INFO: common: yaml file: params.yaml loaded successfully]
[2025-04-24 23:47:06,655: INFO: common: created directory at: artifacts]
[2025-04-24 23:47:06,656: INFO: common: created directory at: artifacts/data_ingestion]
[2025-04-29 21:34:31,897: INFO: main: >>>>>>>> stage DAta Ingestion Stage started here <<<<<<<<]
[2025-04-29 21:34:31,899: INFO: common: yaml file: config\config.yaml loaded successfully]
[2025-04-29 21:34:31,901: INFO: common: yaml file: params.yaml loaded successfully]
[2025-04-29 21:34:31,902: INFO: common: created directory at: artifacts]
[2025-04-29 21:34:31,903: INFO: common: created directory at: artifacts/data_ingestion]
[2025-04-29 21:34:31,904: INFO: data_ingestion: Downloading data from https://drive.google.com/file/d/1zsI3e2QVpuhM1hjHMlr-8lx6os6X2UQF/view?usp=sharing into file artifacts/data_ingestion/data.zip]
[2025-04-29 21:36:20,879: INFO: data_ingestion: Downloaded data from https://drive.google.com/file/d/1zsI3e2QVpuhM1hjHMlr-8lx6os6X2UQF/view?usp=sharing into file artifacts/data_ingestion/data.zip]
[2025-04-29 21:36:40,540: INFO: main: >>>>>>>>> stage DAta Ingestion Stage completed <<<<<<<<<

X=======================================================X]
[2025-05-01 15:16:40,027: INFO: main: >>>>>>>> stage Data Ingestion Stage started here <<<<<<<<]
[2025-05-01 15:16:40,042: INFO: common: yaml file: config\config.yaml loaded successfully]
[2025-05-01 15:16:40,044: INFO: common: yaml file: params.yaml loaded successfully]
[2025-05-01 15:16:40,051: INFO: common: created directory at: artifacts]
[2025-05-01 15:16:40,051: INFO: common: created directory at: artifacts/data_ingestion]
[2025-05-01 15:16:40,052: INFO: data_ingestion: Downloading data from https://drive.google.com/file/d/1zsI3e2QVpuhM1hjHMlr-8lx6os6X2UQF/view?usp=sharing into file artifacts/data_ingestion/data.zip]
[2025-05-01 15:19:51,362: INFO: data_ingestion: Downloaded data from https://drive.google.com/file/d/1zsI3e2QVpuhM1hjHMlr-8lx6os6X2UQF/view?usp=sharing into file artifacts/data_ingestion/data.zip]
[2025-05-01 15:20:06,367: INFO: main: >>>>>>>>> stage Data Ingestion Stage completed <<<<<<<<<

X=======================================================X]
[2025-05-01 16:32:49,808: INFO: common: yaml file: config\config.yaml loaded successfully]
[2025-05-01 16:32:49,824: INFO: common: yaml file: params.yaml loaded successfully]
[2025-05-01 16:32:49,826: INFO: common: created directory at: artifacts]
[2025-05-01 16:34:22,321: INFO: common: yaml file: config\config.yaml loaded successfully]
[2025-05-01 16:34:22,324: INFO: common: yaml file: params.yaml loaded successfully]
[2025-05-01 16:34:22,325: INFO: common: created directory at: artifacts]
[2025-05-01 16:34:22,327: INFO: common: created directory at: artifacts/prepare_base_model]
[2025-05-01 16:34:32,781: WARNING: saving_utils: Compiled the loaded model, but the compiled metrics have yet to be built. `model.compile_metrics` will be empty until you train or evaluate the model.]
[2025-05-01 16:38:59,992: INFO: common: yaml file: config\config.yaml loaded successfully]
[2025-05-01 16:38:59,996: INFO: common: yaml file: params.yaml loaded successfully]
[2025-05-01 16:38:59,998: INFO: common: created directory at: artifacts]
[2025-05-01 16:38:59,999: INFO: common: created directory at: artifacts/prepare_base_model]
[2025-05-01 16:39:00,406: WARNING: saving_utils: Compiled the loaded model, but the compiled metrics have yet to be built. `model.compile_metrics` will be empty until you train or evaluate the model.]
[2025-05-01 16:40:52,656: INFO: common: yaml file: config\config.yaml loaded successfully]
[2025-05-01 16:40:52,658: INFO: common: yaml file: params.yaml loaded successfully]
[2025-05-01 16:40:52,659: INFO: common: created directory at: artifacts]
[2025-05-01 16:40:52,660: INFO: common: created directory at: artifacts/prepare_base_model]
[2025-05-01 16:40:53,083: WARNING: saving_utils: Compiled the loaded model, but the compiled metrics have yet to be built. `model.compile_metrics` will be empty until you train or evaluate the model.]
[2025-05-01 16:45:42,153: INFO: common: yaml file: config\config.yaml loaded successfully]
[2025-05-01 16:45:42,155: INFO: common: yaml file: params.yaml loaded successfully]
[2025-05-01 16:45:42,156: INFO: common: created directory at: artifacts]
[2025-05-01 16:45:42,158: INFO: common: created directory at: artifacts/prepare_base_model]
[2025-05-01 16:45:42,624: WARNING: saving_utils: Compiled the loaded model, but the compiled metrics have yet to be built. `model.compile_metrics` will be empty until you train or evaluate the model.]
[2025-05-01 16:45:57,857: INFO: common: yaml file: config\config.yaml loaded successfully]
[2025-05-01 16:45:57,861: INFO: common: yaml file: params.yaml loaded successfully]
[2025-05-01 16:45:57,862: INFO: common: created directory at: artifacts]
[2025-05-01 16:45:57,863: INFO: common: created directory at: artifacts/prepare_base_model]
[2025-05-01 16:45:58,162: WARNING: saving_utils: Compiled the loaded model, but the compiled metrics have yet to be built. `model.compile_metrics` will be empty until you train or evaluate the model.]
[2025-05-01 17:09:12,808: INFO: main: >>>>>>>> stage Data Ingestion Stage started here <<<<<<<<]
[2025-05-01 17:09:12,811: INFO: common: yaml file: config\config.yaml loaded successfully]
[2025-05-01 17:09:12,812: INFO: common: yaml file: params.yaml loaded successfully]
[2025-05-01 17:09:12,812: INFO: common: created directory at: artifacts]
[2025-05-01 17:09:12,813: INFO: common: created directory at: artifacts/data_ingestion]
[2025-05-01 17:09:12,813: INFO: data_ingestion: Downloading data from https://drive.google.com/file/d/1zsI3e2QVpuhM1hjHMlr-8lx6os6X2UQF/view?usp=sharing into file artifacts/data_ingestion/data.zip]
[2025-05-01 17:12:29,730: INFO: data_ingestion: Downloaded data from https://drive.google.com/file/d/1zsI3e2QVpuhM1hjHMlr-8lx6os6X2UQF/view?usp=sharing into file artifacts/data_ingestion/data.zip]
[2025-05-01 17:12:49,391: INFO: main: >>>>>>>>> stage Data Ingestion Stage completed <<<<<<<<<

X=======================================================X]
[2025-05-01 17:12:49,391: INFO: main: >>>>>>>>>>>>>> Stage Model Preparation started <<<<<<<<<<<<<<]
[2025-05-01 17:12:49,391: INFO: common: yaml file: config\config.yaml loaded successfully]
[2025-05-01 17:12:49,391: INFO: common: yaml file: params.yaml loaded successfully]
[2025-05-01 17:12:49,391: INFO: common: created directory at: artifacts]
[2025-05-01 17:12:49,391: INFO: common: created directory at: artifacts/prepare_base_model]
[2025-05-01 17:12:51,803: WARNING: saving_utils: Compiled the loaded model, but the compiled metrics have yet to be built. `model.compile_metrics` will be empty until you train or evaluate the model.]
[2025-05-01 17:12:52,130: INFO: main: >>>>>>>>>>>> Stage Model Preparation COMPLETED <<<<<<<<<

X=========================================================X]
